  TTS BATIK.cpp
C:\Users\ASUS\source\repos\Project TTS Grafkom\Project TTS Grafkom\TTS BATIK.cpp(24,31): warning C4305: 'argument': truncation from 'double' to 'GLfloat'
C:\Users\ASUS\source\repos\Project TTS Grafkom\Project TTS Grafkom\TTS BATIK.cpp(25,27): warning C4305: 'argument': truncation from 'double' to 'GLfloat'
C:\Users\ASUS\source\repos\Project TTS Grafkom\Project TTS Grafkom\TTS BATIK.cpp(26,27): warning C4305: 'argument': truncation from 'double' to 'GLfloat'
C:\Users\ASUS\source\repos\Project TTS Grafkom\Project TTS Grafkom\TTS BATIK.cpp(28,26): warning C4305: 'argument': truncation from 'double' to 'GLfloat'
C:\Users\ASUS\source\repos\Project TTS Grafkom\Project TTS Grafkom\TTS BATIK.cpp(29,26): warning C4305: 'argument': truncation from 'double' to 'GLfloat'
C:\Users\ASUS\source\repos\Project TTS Grafkom\Project TTS Grafkom\TTS BATIK.cpp(32,31): warning C4305: 'argument': truncation from 'double' to 'GLfloat'
C:\Users\ASUS\source\repos\Project TTS Grafkom\Project TTS Grafkom\TTS BATIK.cpp(33,28): warning C4305: 'argument': truncation from 'double' to 'GLfloat'
C:\Users\ASUS\source\repos\Project TTS Grafkom\Project TTS Grafkom\TTS BATIK.cpp(34,28): warning C4305: 'argument': truncation from 'double' to 'GLfloat'
C:\Users\ASUS\source\repos\Project TTS Grafkom\Project TTS Grafkom\TTS BATIK.cpp(36,27): warning C4305: 'argument': truncation from 'double' to 'GLfloat'
C:\Users\ASUS\source\repos\Project TTS Grafkom\Project TTS Grafkom\TTS BATIK.cpp(37,27): warning C4305: 'argument': truncation from 'double' to 'GLfloat'
C:\Users\ASUS\source\repos\Project TTS Grafkom\Project TTS Grafkom\TTS BATIK.cpp(40,31): warning C4305: 'argument': truncation from 'double' to 'GLfloat'
C:\Users\ASUS\source\repos\Project TTS Grafkom\Project TTS Grafkom\TTS BATIK.cpp(41,27): warning C4305: 'argument': truncation from 'double' to 'GLfloat'
C:\Users\ASUS\source\repos\Project TTS Grafkom\Project TTS Grafkom\TTS BATIK.cpp(42,27): warning C4305: 'argument': truncation from 'double' to 'GLfloat'
C:\Users\ASUS\source\repos\Project TTS Grafkom\Project TTS Grafkom\TTS BATIK.cpp(44,27): warning C4305: 'argument': truncation from 'double' to 'GLfloat'
C:\Users\ASUS\source\repos\Project TTS Grafkom\Project TTS Grafkom\TTS BATIK.cpp(45,27): warning C4305: 'argument': truncation from 'double' to 'GLfloat'
C:\Users\ASUS\source\repos\Project TTS Grafkom\Project TTS Grafkom\TTS BATIK.cpp(48,31): warning C4305: 'argument': truncation from 'double' to 'GLfloat'
C:\Users\ASUS\source\repos\Project TTS Grafkom\Project TTS Grafkom\TTS BATIK.cpp(49,26): warning C4305: 'argument': truncation from 'double' to 'GLfloat'
C:\Users\ASUS\source\repos\Project TTS Grafkom\Project TTS Grafkom\TTS BATIK.cpp(50,26): warning C4305: 'argument': truncation from 'double' to 'GLfloat'
C:\Users\ASUS\source\repos\Project TTS Grafkom\Project TTS Grafkom\TTS BATIK.cpp(52,26): warning C4305: 'argument': truncation from 'double' to 'GLfloat'
C:\Users\ASUS\source\repos\Project TTS Grafkom\Project TTS Grafkom\TTS BATIK.cpp(53,26): warning C4305: 'argument': truncation from 'double' to 'GLfloat'
C:\Users\ASUS\source\repos\Project TTS Grafkom\Project TTS Grafkom\TTS BATIK.cpp(56,31): warning C4305: 'argument': truncation from 'double' to 'GLfloat'
C:\Users\ASUS\source\repos\Project TTS Grafkom\Project TTS Grafkom\TTS BATIK.cpp(57,28): warning C4305: 'argument': truncation from 'double' to 'GLfloat'
C:\Users\ASUS\source\repos\Project TTS Grafkom\Project TTS Grafkom\TTS BATIK.cpp(58,28): warning C4305: 'argument': truncation from 'double' to 'GLfloat'
C:\Users\ASUS\source\repos\Project TTS Grafkom\Project TTS Grafkom\TTS BATIK.cpp(60,28): warning C4305: 'argument': truncation from 'double' to 'GLfloat'
C:\Users\ASUS\source\repos\Project TTS Grafkom\Project TTS Grafkom\TTS BATIK.cpp(61,28): warning C4305: 'argument': truncation from 'double' to 'GLfloat'
C:\Users\ASUS\source\repos\Project TTS Grafkom\Project TTS Grafkom\TTS BATIK.cpp(64,31): warning C4305: 'argument': truncation from 'double' to 'GLfloat'
C:\Users\ASUS\source\repos\Project TTS Grafkom\Project TTS Grafkom\TTS BATIK.cpp(65,27): warning C4305: 'argument': truncation from 'double' to 'GLfloat'
C:\Users\ASUS\source\repos\Project TTS Grafkom\Project TTS Grafkom\TTS BATIK.cpp(66,27): warning C4305: 'argument': truncation from 'double' to 'GLfloat'
C:\Users\ASUS\source\repos\Project TTS Grafkom\Project TTS Grafkom\TTS BATIK.cpp(68,27): warning C4305: 'argument': truncation from 'double' to 'GLfloat'
C:\Users\ASUS\source\repos\Project TTS Grafkom\Project TTS Grafkom\TTS BATIK.cpp(69,27): warning C4305: 'argument': truncation from 'double' to 'GLfloat'
C:\Users\ASUS\source\repos\Project TTS Grafkom\Project TTS Grafkom\TTS BATIK.cpp(72,31): warning C4305: 'argument': truncation from 'double' to 'GLfloat'
C:\Users\ASUS\source\repos\Project TTS Grafkom\Project TTS Grafkom\TTS BATIK.cpp(74,27): warning C4305: 'argument': truncation from 'double' to 'GLfloat'
C:\Users\ASUS\source\repos\Project TTS Grafkom\Project TTS Grafkom\TTS BATIK.cpp(75,27): warning C4305: 'argument': truncation from 'double' to 'GLfloat'
C:\Users\ASUS\source\repos\Project TTS Grafkom\Project TTS Grafkom\TTS BATIK.cpp(76,28): warning C4305: 'argument': truncation from 'double' to 'GLfloat'
C:\Users\ASUS\source\repos\Project TTS Grafkom\Project TTS Grafkom\TTS BATIK.cpp(77,28): warning C4305: 'argument': truncation from 'double' to 'GLfloat'
C:\Users\ASUS\source\repos\Project TTS Grafkom\Project TTS Grafkom\TTS BATIK.cpp(80,31): warning C4305: 'argument': truncation from 'double' to 'GLfloat'
C:\Users\ASUS\source\repos\Project TTS Grafkom\Project TTS Grafkom\TTS BATIK.cpp(82,26): warning C4305: 'argument': truncation from 'double' to 'GLfloat'
C:\Users\ASUS\source\repos\Project TTS Grafkom\Project TTS Grafkom\TTS BATIK.cpp(83,26): warning C4305: 'argument': truncation from 'double' to 'GLfloat'
C:\Users\ASUS\source\repos\Project TTS Grafkom\Project TTS Grafkom\TTS BATIK.cpp(84,27): warning C4305: 'argument': truncation from 'double' to 'GLfloat'
C:\Users\ASUS\source\repos\Project TTS Grafkom\Project TTS Grafkom\TTS BATIK.cpp(85,27): warning C4305: 'argument': truncation from 'double' to 'GLfloat'
C:\Users\ASUS\source\repos\Project TTS Grafkom\Project TTS Grafkom\TTS BATIK.cpp(90,31): warning C4305: 'argument': truncation from 'double' to 'GLfloat'
C:\Users\ASUS\source\repos\Project TTS Grafkom\Project TTS Grafkom\TTS BATIK.cpp(96,49): warning C4244: 'argument': conversion from 'double' to 'GLfloat', possible loss of data
C:\Users\ASUS\source\repos\Project TTS Grafkom\Project TTS Grafkom\TTS BATIK.cpp(96,31): warning C4244: 'argument': conversion from 'double' to 'GLfloat', possible loss of data
C:\Users\ASUS\source\repos\Project TTS Grafkom\Project TTS Grafkom\TTS BATIK.cpp(103,28): warning C4305: 'argument': truncation from 'double' to 'GLfloat'
C:\Users\ASUS\source\repos\Project TTS Grafkom\Project TTS Grafkom\TTS BATIK.cpp(104,27): warning C4305: 'argument': truncation from 'double' to 'GLfloat'
C:\Users\ASUS\source\repos\Project TTS Grafkom\Project TTS Grafkom\TTS BATIK.cpp(105,27): warning C4305: 'argument': truncation from 'double' to 'GLfloat'
C:\Users\ASUS\source\repos\Project TTS Grafkom\Project TTS Grafkom\TTS BATIK.cpp(110,27): warning C4305: 'argument': truncation from 'double' to 'GLfloat'
C:\Users\ASUS\source\repos\Project TTS Grafkom\Project TTS Grafkom\TTS BATIK.cpp(111,26): warning C4305: 'argument': truncation from 'double' to 'GLfloat'
C:\Users\ASUS\source\repos\Project TTS Grafkom\Project TTS Grafkom\TTS BATIK.cpp(112,26): warning C4305: 'argument': truncation from 'double' to 'GLfloat'
C:\Users\ASUS\source\repos\Project TTS Grafkom\Project TTS Grafkom\TTS BATIK.cpp(117,26): warning C4305: 'argument': truncation from 'double' to 'GLfloat'
C:\Users\ASUS\source\repos\Project TTS Grafkom\Project TTS Grafkom\TTS BATIK.cpp(118,26): warning C4305: 'argument': truncation from 'double' to 'GLfloat'
C:\Users\ASUS\source\repos\Project TTS Grafkom\Project TTS Grafkom\TTS BATIK.cpp(119,27): warning C4305: 'argument': truncation from 'double' to 'GLfloat'
C:\Users\ASUS\source\repos\Project TTS Grafkom\Project TTS Grafkom\TTS BATIK.cpp(124,27): warning C4305: 'argument': truncation from 'double' to 'GLfloat'
C:\Users\ASUS\source\repos\Project TTS Grafkom\Project TTS Grafkom\TTS BATIK.cpp(125,27): warning C4305: 'argument': truncation from 'double' to 'GLfloat'
C:\Users\ASUS\source\repos\Project TTS Grafkom\Project TTS Grafkom\TTS BATIK.cpp(126,28): warning C4305: 'argument': truncation from 'double' to 'GLfloat'
C:\Users\ASUS\source\repos\Project TTS Grafkom\Project TTS Grafkom\TTS BATIK.cpp(131,26): warning C4305: 'argument': truncation from 'double' to 'GLfloat'
C:\Users\ASUS\source\repos\Project TTS Grafkom\Project TTS Grafkom\TTS BATIK.cpp(133,26): warning C4305: 'argument': truncation from 'double' to 'GLfloat'
C:\Users\ASUS\source\repos\Project TTS Grafkom\Project TTS Grafkom\TTS BATIK.cpp(138,27): warning C4305: 'argument': truncation from 'double' to 'GLfloat'
C:\Users\ASUS\source\repos\Project TTS Grafkom\Project TTS Grafkom\TTS BATIK.cpp(140,26): warning C4305: 'argument': truncation from 'double' to 'GLfloat'
C:\Users\ASUS\source\repos\Project TTS Grafkom\Project TTS Grafkom\TTS BATIK.cpp(145,27): warning C4305: 'argument': truncation from 'double' to 'GLfloat'
C:\Users\ASUS\source\repos\Project TTS Grafkom\Project TTS Grafkom\TTS BATIK.cpp(147,27): warning C4305: 'argument': truncation from 'double' to 'GLfloat'
C:\Users\ASUS\source\repos\Project TTS Grafkom\Project TTS Grafkom\TTS BATIK.cpp(152,26): warning C4305: 'argument': truncation from 'double' to 'GLfloat'
C:\Users\ASUS\source\repos\Project TTS Grafkom\Project TTS Grafkom\TTS BATIK.cpp(154,27): warning C4305: 'argument': truncation from 'double' to 'GLfloat'
C:\Users\ASUS\source\repos\Project TTS Grafkom\Project TTS Grafkom\TTS BATIK.cpp(159,27): warning C4305: 'argument': truncation from 'double' to 'GLfloat'
C:\Users\ASUS\source\repos\Project TTS Grafkom\Project TTS Grafkom\TTS BATIK.cpp(160,26): warning C4305: 'argument': truncation from 'double' to 'GLfloat'
C:\Users\ASUS\source\repos\Project TTS Grafkom\Project TTS Grafkom\TTS BATIK.cpp(161,27): warning C4305: 'argument': truncation from 'double' to 'GLfloat'
C:\Users\ASUS\source\repos\Project TTS Grafkom\Project TTS Grafkom\TTS BATIK.cpp(162,28): warning C4305: 'argument': truncation from 'double' to 'GLfloat'
C:\Users\ASUS\source\repos\Project TTS Grafkom\Project TTS Grafkom\TTS BATIK.cpp(173,56): warning C4244: 'argument': conversion from 'double' to 'GLfloat', possible loss of data
C:\Users\ASUS\source\repos\Project TTS Grafkom\Project TTS Grafkom\TTS BATIK.cpp(173,31): warning C4244: 'argument': conversion from 'double' to 'GLfloat', possible loss of data
C:\Users\ASUS\source\repos\Project TTS Grafkom\Project TTS Grafkom\TTS BATIK.cpp(179,31): warning C4305: 'argument': truncation from 'double' to 'GLfloat'
C:\Users\ASUS\source\repos\Project TTS Grafkom\Project TTS Grafkom\TTS BATIK.cpp(180,26): warning C4305: 'argument': truncation from 'double' to 'GLfloat'
C:\Users\ASUS\source\repos\Project TTS Grafkom\Project TTS Grafkom\TTS BATIK.cpp(181,26): warning C4305: 'argument': truncation from 'double' to 'GLfloat'
C:\Users\ASUS\source\repos\Project TTS Grafkom\Project TTS Grafkom\TTS BATIK.cpp(182,26): warning C4305: 'argument': truncation from 'double' to 'GLfloat'
C:\Users\ASUS\source\repos\Project TTS Grafkom\Project TTS Grafkom\TTS BATIK.cpp(183,26): warning C4305: 'argument': truncation from 'double' to 'GLfloat'
C:\Users\ASUS\source\repos\Project TTS Grafkom\Project TTS Grafkom\TTS BATIK.cpp(186,31): warning C4305: 'argument': truncation from 'double' to 'GLfloat'
C:\Users\ASUS\source\repos\Project TTS Grafkom\Project TTS Grafkom\TTS BATIK.cpp(187,26): warning C4305: 'argument': truncation from 'double' to 'GLfloat'
C:\Users\ASUS\source\repos\Project TTS Grafkom\Project TTS Grafkom\TTS BATIK.cpp(188,26): warning C4305: 'argument': truncation from 'double' to 'GLfloat'
C:\Users\ASUS\source\repos\Project TTS Grafkom\Project TTS Grafkom\TTS BATIK.cpp(189,26): warning C4305: 'argument': truncation from 'double' to 'GLfloat'
C:\Users\ASUS\source\repos\Project TTS Grafkom\Project TTS Grafkom\TTS BATIK.cpp(190,26): warning C4305: 'argument': truncation from 'double' to 'GLfloat'
C:\Users\ASUS\source\repos\Project TTS Grafkom\Project TTS Grafkom\TTS BATIK.cpp(194,31): warning C4305: 'argument': truncation from 'double' to 'GLfloat'
C:\Users\ASUS\source\repos\Project TTS Grafkom\Project TTS Grafkom\TTS BATIK.cpp(195,27): warning C4305: 'argument': truncation from 'double' to 'GLfloat'
C:\Users\ASUS\source\repos\Project TTS Grafkom\Project TTS Grafkom\TTS BATIK.cpp(196,27): warning C4305: 'argument': truncation from 'double' to 'GLfloat'
C:\Users\ASUS\source\repos\Project TTS Grafkom\Project TTS Grafkom\TTS BATIK.cpp(197,27): warning C4305: 'argument': truncation from 'double' to 'GLfloat'
C:\Users\ASUS\source\repos\Project TTS Grafkom\Project TTS Grafkom\TTS BATIK.cpp(198,27): warning C4305: 'argument': truncation from 'double' to 'GLfloat'
C:\Users\ASUS\source\repos\Project TTS Grafkom\Project TTS Grafkom\TTS BATIK.cpp(201,31): warning C4305: 'argument': truncation from 'double' to 'GLfloat'
C:\Users\ASUS\source\repos\Project TTS Grafkom\Project TTS Grafkom\TTS BATIK.cpp(202,27): warning C4305: 'argument': truncation from 'double' to 'GLfloat'
C:\Users\ASUS\source\repos\Project TTS Grafkom\Project TTS Grafkom\TTS BATIK.cpp(203,27): warning C4305: 'argument': truncation from 'double' to 'GLfloat'
C:\Users\ASUS\source\repos\Project TTS Grafkom\Project TTS Grafkom\TTS BATIK.cpp(204,27): warning C4305: 'argument': truncation from 'double' to 'GLfloat'
C:\Users\ASUS\source\repos\Project TTS Grafkom\Project TTS Grafkom\TTS BATIK.cpp(205,27): warning C4305: 'argument': truncation from 'double' to 'GLfloat'
C:\Users\ASUS\source\repos\Project TTS Grafkom\Project TTS Grafkom\TTS BATIK.cpp(209,31): warning C4305: 'argument': truncation from 'double' to 'GLfloat'
C:\Users\ASUS\source\repos\Project TTS Grafkom\Project TTS Grafkom\TTS BATIK.cpp(210,28): warning C4305: 'argument': truncation from 'double' to 'GLfloat'
C:\Users\ASUS\source\repos\Project TTS Grafkom\Project TTS Grafkom\TTS BATIK.cpp(211,28): warning C4305: 'argument': truncation from 'double' to 'GLfloat'
C:\Users\ASUS\source\repos\Project TTS Grafkom\Project TTS Grafkom\TTS BATIK.cpp(212,28): warning C4305: 'argument': truncation from 'double' to 'GLfloat'
C:\Users\ASUS\source\repos\Project TTS Grafkom\Project TTS Grafkom\TTS BATIK.cpp(213,28): warning C4305: 'argument': truncation from 'double' to 'GLfloat'
C:\Users\ASUS\source\repos\Project TTS Grafkom\Project TTS Grafkom\TTS BATIK.cpp(216,31): warning C4305: 'argument': truncation from 'double' to 'GLfloat'
C:\Users\ASUS\source\repos\Project TTS Grafkom\Project TTS Grafkom\TTS BATIK.cpp(217,28): warning C4305: 'argument': truncation from 'double' to 'GLfloat'
C:\Users\ASUS\source\repos\Project TTS Grafkom\Project TTS Grafkom\TTS BATIK.cpp(218,28): warning C4305: 'argument': truncation from 'double' to 'GLfloat'
C:\Users\ASUS\source\repos\Project TTS Grafkom\Project TTS Grafkom\TTS BATIK.cpp(219,28): warning C4305: 'argument': truncation from 'double' to 'GLfloat'
C:\Users\ASUS\source\repos\Project TTS Grafkom\Project TTS Grafkom\TTS BATIK.cpp(220,28): warning C4305: 'argument': truncation from 'double' to 'GLfloat'
C:\Users\ASUS\source\repos\Project TTS Grafkom\Project TTS Grafkom\TTS BATIK.cpp(224,31): warning C4305: 'argument': truncation from 'double' to 'GLfloat'
C:\Users\ASUS\source\repos\Project TTS Grafkom\Project TTS Grafkom\TTS BATIK.cpp(225,27): warning C4305: 'argument': truncation from 'double' to 'GLfloat'
C:\Users\ASUS\source\repos\Project TTS Grafkom\Project TTS Grafkom\TTS BATIK.cpp(226,27): warning C4305: 'argument': truncation from 'double' to 'GLfloat'
C:\Users\ASUS\source\repos\Project TTS Grafkom\Project TTS Grafkom\TTS BATIK.cpp(227,27): warning C4305: 'argument': truncation from 'double' to 'GLfloat'
C:\Users\ASUS\source\repos\Project TTS Grafkom\Project TTS Grafkom\TTS BATIK.cpp(228,27): warning C4305: 'argument': truncation from 'double' to 'GLfloat'
C:\Users\ASUS\source\repos\Project TTS Grafkom\Project TTS Grafkom\TTS BATIK.cpp(231,31): warning C4305: 'argument': truncation from 'double' to 'GLfloat'
C:\Users\ASUS\source\repos\Project TTS Grafkom\Project TTS Grafkom\TTS BATIK.cpp(232,27): warning C4305: 'argument': truncation from 'double' to 'GLfloat'
C:\Users\ASUS\source\repos\Project TTS Grafkom\Project TTS Grafkom\TTS BATIK.cpp(233,27): warning C4305: 'argument': truncation from 'double' to 'GLfloat'
C:\Users\ASUS\source\repos\Project TTS Grafkom\Project TTS Grafkom\TTS BATIK.cpp(234,27): warning C4305: 'argument': truncation from 'double' to 'GLfloat'
C:\Users\ASUS\source\repos\Project TTS Grafkom\Project TTS Grafkom\TTS BATIK.cpp(235,27): warning C4305: 'argument': truncation from 'double' to 'GLfloat'
C:\Users\ASUS\source\repos\Project TTS Grafkom\Project TTS Grafkom\TTS BATIK.cpp(239,31): warning C4305: 'argument': truncation from 'double' to 'GLfloat'
C:\Users\ASUS\source\repos\Project TTS Grafkom\Project TTS Grafkom\TTS BATIK.cpp(241,26): warning C4305: 'argument': truncation from 'double' to 'GLfloat'
C:\Users\ASUS\source\repos\Project TTS Grafkom\Project TTS Grafkom\TTS BATIK.cpp(242,26): warning C4305: 'argument': truncation from 'double' to 'GLfloat'
C:\Users\ASUS\source\repos\Project TTS Grafkom\Project TTS Grafkom\TTS BATIK.cpp(243,26): warning C4305: 'argument': truncation from 'double' to 'GLfloat'
C:\Users\ASUS\source\repos\Project TTS Grafkom\Project TTS Grafkom\TTS BATIK.cpp(246,31): warning C4305: 'argument': truncation from 'double' to 'GLfloat'
C:\Users\ASUS\source\repos\Project TTS Grafkom\Project TTS Grafkom\TTS BATIK.cpp(248,27): warning C4305: 'argument': truncation from 'double' to 'GLfloat'
C:\Users\ASUS\source\repos\Project TTS Grafkom\Project TTS Grafkom\TTS BATIK.cpp(249,27): warning C4305: 'argument': truncation from 'double' to 'GLfloat'
C:\Users\ASUS\source\repos\Project TTS Grafkom\Project TTS Grafkom\TTS BATIK.cpp(250,27): warning C4305: 'argument': truncation from 'double' to 'GLfloat'
C:\Users\ASUS\source\repos\Project TTS Grafkom\Project TTS Grafkom\TTS BATIK.cpp(253,31): warning C4305: 'argument': truncation from 'double' to 'GLfloat'
C:\Users\ASUS\source\repos\Project TTS Grafkom\Project TTS Grafkom\TTS BATIK.cpp(255,28): warning C4305: 'argument': truncation from 'double' to 'GLfloat'
C:\Users\ASUS\source\repos\Project TTS Grafkom\Project TTS Grafkom\TTS BATIK.cpp(256,28): warning C4305: 'argument': truncation from 'double' to 'GLfloat'
C:\Users\ASUS\source\repos\Project TTS Grafkom\Project TTS Grafkom\TTS BATIK.cpp(257,28): warning C4305: 'argument': truncation from 'double' to 'GLfloat'
C:\Users\ASUS\source\repos\Project TTS Grafkom\Project TTS Grafkom\TTS BATIK.cpp(260,31): warning C4305: 'argument': truncation from 'double' to 'GLfloat'
C:\Users\ASUS\source\repos\Project TTS Grafkom\Project TTS Grafkom\TTS BATIK.cpp(262,27): warning C4305: 'argument': truncation from 'double' to 'GLfloat'
C:\Users\ASUS\source\repos\Project TTS Grafkom\Project TTS Grafkom\TTS BATIK.cpp(263,27): warning C4305: 'argument': truncation from 'double' to 'GLfloat'
C:\Users\ASUS\source\repos\Project TTS Grafkom\Project TTS Grafkom\TTS BATIK.cpp(264,27): warning C4305: 'argument': truncation from 'double' to 'GLfloat'
C:\Users\ASUS\source\repos\Project TTS Grafkom\Project TTS Grafkom\TTS BATIK.cpp(271,27): warning C4305: 'argument': truncation from 'double' to 'GLfloat'
C:\Users\ASUS\source\repos\Project TTS Grafkom\Project TTS Grafkom\TTS BATIK.cpp(272,27): warning C4305: 'argument': truncation from 'double' to 'GLfloat'
C:\Users\ASUS\source\repos\Project TTS Grafkom\Project TTS Grafkom\TTS BATIK.cpp(278,27): warning C4305: 'argument': truncation from 'double' to 'GLfloat'
C:\Users\ASUS\source\repos\Project TTS Grafkom\Project TTS Grafkom\TTS BATIK.cpp(279,27): warning C4305: 'argument': truncation from 'double' to 'GLfloat'
C:\Users\ASUS\source\repos\Project TTS Grafkom\Project TTS Grafkom\TTS BATIK.cpp(280,27): warning C4305: 'argument': truncation from 'double' to 'GLfloat'
C:\Users\ASUS\source\repos\Project TTS Grafkom\Project TTS Grafkom\TTS BATIK.cpp(285,27): warning C4305: 'argument': truncation from 'double' to 'GLfloat'
C:\Users\ASUS\source\repos\Project TTS Grafkom\Project TTS Grafkom\TTS BATIK.cpp(286,27): warning C4305: 'argument': truncation from 'double' to 'GLfloat'
C:\Users\ASUS\source\repos\Project TTS Grafkom\Project TTS Grafkom\TTS BATIK.cpp(293,28): warning C4305: 'argument': truncation from 'double' to 'GLfloat'
C:\Users\ASUS\source\repos\Project TTS Grafkom\Project TTS Grafkom\TTS BATIK.cpp(294,28): warning C4305: 'argument': truncation from 'double' to 'GLfloat'
C:\Users\ASUS\source\repos\Project TTS Grafkom\Project TTS Grafkom\TTS BATIK.cpp(300,28): warning C4305: 'argument': truncation from 'double' to 'GLfloat'
C:\Users\ASUS\source\repos\Project TTS Grafkom\Project TTS Grafkom\TTS BATIK.cpp(301,28): warning C4305: 'argument': truncation from 'double' to 'GLfloat'
C:\Users\ASUS\source\repos\Project TTS Grafkom\Project TTS Grafkom\TTS BATIK.cpp(302,28): warning C4305: 'argument': truncation from 'double' to 'GLfloat'
C:\Users\ASUS\source\repos\Project TTS Grafkom\Project TTS Grafkom\TTS BATIK.cpp(307,28): warning C4305: 'argument': truncation from 'double' to 'GLfloat'
C:\Users\ASUS\source\repos\Project TTS Grafkom\Project TTS Grafkom\TTS BATIK.cpp(308,28): warning C4305: 'argument': truncation from 'double' to 'GLfloat'
C:\Users\ASUS\source\repos\Project TTS Grafkom\Project TTS Grafkom\TTS BATIK.cpp(315,27): warning C4305: 'argument': truncation from 'double' to 'GLfloat'
C:\Users\ASUS\source\repos\Project TTS Grafkom\Project TTS Grafkom\TTS BATIK.cpp(316,27): warning C4305: 'argument': truncation from 'double' to 'GLfloat'
C:\Users\ASUS\source\repos\Project TTS Grafkom\Project TTS Grafkom\TTS BATIK.cpp(322,27): warning C4305: 'argument': truncation from 'double' to 'GLfloat'
C:\Users\ASUS\source\repos\Project TTS Grafkom\Project TTS Grafkom\TTS BATIK.cpp(323,27): warning C4305: 'argument': truncation from 'double' to 'GLfloat'
C:\Users\ASUS\source\repos\Project TTS Grafkom\Project TTS Grafkom\TTS BATIK.cpp(324,27): warning C4305: 'argument': truncation from 'double' to 'GLfloat'
C:\Users\ASUS\source\repos\Project TTS Grafkom\Project TTS Grafkom\TTS BATIK.cpp(329,27): warning C4305: 'argument': truncation from 'double' to 'GLfloat'
C:\Users\ASUS\source\repos\Project TTS Grafkom\Project TTS Grafkom\TTS BATIK.cpp(330,27): warning C4305: 'argument': truncation from 'double' to 'GLfloat'
C:\Users\ASUS\source\repos\Project TTS Grafkom\Project TTS Grafkom\TTS BATIK.cpp(337,26): warning C4305: 'argument': truncation from 'double' to 'GLfloat'
C:\Users\ASUS\source\repos\Project TTS Grafkom\Project TTS Grafkom\TTS BATIK.cpp(338,26): warning C4305: 'argument': truncation from 'double' to 'GLfloat'
C:\Users\ASUS\source\repos\Project TTS Grafkom\Project TTS Grafkom\TTS BATIK.cpp(344,26): warning C4305: 'argument': truncation from 'double' to 'GLfloat'
C:\Users\ASUS\source\repos\Project TTS Grafkom\Project TTS Grafkom\TTS BATIK.cpp(345,26): warning C4305: 'argument': truncation from 'double' to 'GLfloat'
C:\Users\ASUS\source\repos\Project TTS Grafkom\Project TTS Grafkom\TTS BATIK.cpp(346,26): warning C4305: 'argument': truncation from 'double' to 'GLfloat'
C:\Users\ASUS\source\repos\Project TTS Grafkom\Project TTS Grafkom\TTS BATIK.cpp(351,26): warning C4305: 'argument': truncation from 'double' to 'GLfloat'
C:\Users\ASUS\source\repos\Project TTS Grafkom\Project TTS Grafkom\TTS BATIK.cpp(352,26): warning C4305: 'argument': truncation from 'double' to 'GLfloat'
C:\Users\ASUS\source\repos\Project TTS Grafkom\Project TTS Grafkom\TTS BATIK.cpp(359,27): warning C4305: 'argument': truncation from 'double' to 'GLfloat'
C:\Users\ASUS\source\repos\Project TTS Grafkom\Project TTS Grafkom\TTS BATIK.cpp(360,26): warning C4305: 'argument': truncation from 'double' to 'GLfloat'
C:\Users\ASUS\source\repos\Project TTS Grafkom\Project TTS Grafkom\TTS BATIK.cpp(361,26): warning C4305: 'argument': truncation from 'double' to 'GLfloat'
C:\Users\ASUS\source\repos\Project TTS Grafkom\Project TTS Grafkom\TTS BATIK.cpp(362,26): warning C4305: 'argument': truncation from 'double' to 'GLfloat'
C:\Users\ASUS\source\repos\Project TTS Grafkom\Project TTS Grafkom\TTS BATIK.cpp(363,27): warning C4305: 'argument': truncation from 'double' to 'GLfloat'
C:\Users\ASUS\source\repos\Project TTS Grafkom\Project TTS Grafkom\TTS BATIK.cpp(368,28): warning C4305: 'argument': truncation from 'double' to 'GLfloat'
C:\Users\ASUS\source\repos\Project TTS Grafkom\Project TTS Grafkom\TTS BATIK.cpp(369,27): warning C4305: 'argument': truncation from 'double' to 'GLfloat'
C:\Users\ASUS\source\repos\Project TTS Grafkom\Project TTS Grafkom\TTS BATIK.cpp(370,27): warning C4305: 'argument': truncation from 'double' to 'GLfloat'
C:\Users\ASUS\source\repos\Project TTS Grafkom\Project TTS Grafkom\TTS BATIK.cpp(371,27): warning C4305: 'argument': truncation from 'double' to 'GLfloat'
C:\Users\ASUS\source\repos\Project TTS Grafkom\Project TTS Grafkom\TTS BATIK.cpp(372,28): warning C4305: 'argument': truncation from 'double' to 'GLfloat'
C:\Users\ASUS\source\repos\Project TTS Grafkom\Project TTS Grafkom\TTS BATIK.cpp(377,27): warning C4305: 'argument': truncation from 'double' to 'GLfloat'
C:\Users\ASUS\source\repos\Project TTS Grafkom\Project TTS Grafkom\TTS BATIK.cpp(378,27): warning C4305: 'argument': truncation from 'double' to 'GLfloat'
C:\Users\ASUS\source\repos\Project TTS Grafkom\Project TTS Grafkom\TTS BATIK.cpp(379,27): warning C4305: 'argument': truncation from 'double' to 'GLfloat'
C:\Users\ASUS\source\repos\Project TTS Grafkom\Project TTS Grafkom\TTS BATIK.cpp(380,28): warning C4305: 'argument': truncation from 'double' to 'GLfloat'
C:\Users\ASUS\source\repos\Project TTS Grafkom\Project TTS Grafkom\TTS BATIK.cpp(381,28): warning C4305: 'argument': truncation from 'double' to 'GLfloat'
C:\Users\ASUS\source\repos\Project TTS Grafkom\Project TTS Grafkom\TTS BATIK.cpp(386,26): warning C4305: 'argument': truncation from 'double' to 'GLfloat'
C:\Users\ASUS\source\repos\Project TTS Grafkom\Project TTS Grafkom\TTS BATIK.cpp(387,26): warning C4305: 'argument': truncation from 'double' to 'GLfloat'
C:\Users\ASUS\source\repos\Project TTS Grafkom\Project TTS Grafkom\TTS BATIK.cpp(388,26): warning C4305: 'argument': truncation from 'double' to 'GLfloat'
C:\Users\ASUS\source\repos\Project TTS Grafkom\Project TTS Grafkom\TTS BATIK.cpp(389,27): warning C4305: 'argument': truncation from 'double' to 'GLfloat'
C:\Users\ASUS\source\repos\Project TTS Grafkom\Project TTS Grafkom\TTS BATIK.cpp(390,27): warning C4305: 'argument': truncation from 'double' to 'GLfloat'
C:\Users\ASUS\source\repos\Project TTS Grafkom\Project TTS Grafkom\TTS BATIK.cpp(395,27): warning C4305: 'argument': truncation from 'double' to 'GLfloat'
C:\Users\ASUS\source\repos\Project TTS Grafkom\Project TTS Grafkom\TTS BATIK.cpp(396,27): warning C4305: 'argument': truncation from 'double' to 'GLfloat'
C:\Users\ASUS\source\repos\Project TTS Grafkom\Project TTS Grafkom\TTS BATIK.cpp(397,27): warning C4305: 'argument': truncation from 'double' to 'GLfloat'
C:\Users\ASUS\source\repos\Project TTS Grafkom\Project TTS Grafkom\TTS BATIK.cpp(398,27): warning C4305: 'argument': truncation from 'double' to 'GLfloat'
C:\Users\ASUS\source\repos\Project TTS Grafkom\Project TTS Grafkom\TTS BATIK.cpp(399,27): warning C4305: 'argument': truncation from 'double' to 'GLfloat'
C:\Users\ASUS\source\repos\Project TTS Grafkom\Project TTS Grafkom\TTS BATIK.cpp(404,26): warning C4305: 'argument': truncation from 'double' to 'GLfloat'
C:\Users\ASUS\source\repos\Project TTS Grafkom\Project TTS Grafkom\TTS BATIK.cpp(405,26): warning C4305: 'argument': truncation from 'double' to 'GLfloat'
C:\Users\ASUS\source\repos\Project TTS Grafkom\Project TTS Grafkom\TTS BATIK.cpp(406,26): warning C4305: 'argument': truncation from 'double' to 'GLfloat'
C:\Users\ASUS\source\repos\Project TTS Grafkom\Project TTS Grafkom\TTS BATIK.cpp(407,26): warning C4305: 'argument': truncation from 'double' to 'GLfloat'
C:\Users\ASUS\source\repos\Project TTS Grafkom\Project TTS Grafkom\TTS BATIK.cpp(408,26): warning C4305: 'argument': truncation from 'double' to 'GLfloat'
C:\Users\ASUS\source\repos\Project TTS Grafkom\Project TTS Grafkom\TTS BATIK.cpp(413,28): warning C4305: 'argument': truncation from 'double' to 'GLfloat'
C:\Users\ASUS\source\repos\Project TTS Grafkom\Project TTS Grafkom\TTS BATIK.cpp(414,28): warning C4305: 'argument': truncation from 'double' to 'GLfloat'
C:\Users\ASUS\source\repos\Project TTS Grafkom\Project TTS Grafkom\TTS BATIK.cpp(415,28): warning C4305: 'argument': truncation from 'double' to 'GLfloat'
C:\Users\ASUS\source\repos\Project TTS Grafkom\Project TTS Grafkom\TTS BATIK.cpp(416,28): warning C4305: 'argument': truncation from 'double' to 'GLfloat'
C:\Users\ASUS\source\repos\Project TTS Grafkom\Project TTS Grafkom\TTS BATIK.cpp(417,28): warning C4305: 'argument': truncation from 'double' to 'GLfloat'
C:\Users\ASUS\source\repos\Project TTS Grafkom\Project TTS Grafkom\TTS BATIK.cpp(422,27): warning C4305: 'argument': truncation from 'double' to 'GLfloat'
C:\Users\ASUS\source\repos\Project TTS Grafkom\Project TTS Grafkom\TTS BATIK.cpp(423,27): warning C4305: 'argument': truncation from 'double' to 'GLfloat'
C:\Users\ASUS\source\repos\Project TTS Grafkom\Project TTS Grafkom\TTS BATIK.cpp(424,27): warning C4305: 'argument': truncation from 'double' to 'GLfloat'
C:\Users\ASUS\source\repos\Project TTS Grafkom\Project TTS Grafkom\TTS BATIK.cpp(425,27): warning C4305: 'argument': truncation from 'double' to 'GLfloat'
C:\Users\ASUS\source\repos\Project TTS Grafkom\Project TTS Grafkom\TTS BATIK.cpp(426,27): warning C4305: 'argument': truncation from 'double' to 'GLfloat'
C:\Users\ASUS\source\repos\Project TTS Grafkom\Project TTS Grafkom\TTS BATIK.cpp(432,26): warning C4305: 'argument': truncation from 'double' to 'GLfloat'
C:\Users\ASUS\source\repos\Project TTS Grafkom\Project TTS Grafkom\TTS BATIK.cpp(435,26): warning C4305: 'argument': truncation from 'double' to 'GLfloat'
C:\Users\ASUS\source\repos\Project TTS Grafkom\Project TTS Grafkom\TTS BATIK.cpp(440,26): warning C4305: 'argument': truncation from 'double' to 'GLfloat'
C:\Users\ASUS\source\repos\Project TTS Grafkom\Project TTS Grafkom\TTS BATIK.cpp(441,26): warning C4305: 'argument': truncation from 'double' to 'GLfloat'
C:\Users\ASUS\source\repos\Project TTS Grafkom\Project TTS Grafkom\TTS BATIK.cpp(447,27): warning C4305: 'argument': truncation from 'double' to 'GLfloat'
C:\Users\ASUS\source\repos\Project TTS Grafkom\Project TTS Grafkom\TTS BATIK.cpp(450,27): warning C4305: 'argument': truncation from 'double' to 'GLfloat'
C:\Users\ASUS\source\repos\Project TTS Grafkom\Project TTS Grafkom\TTS BATIK.cpp(455,27): warning C4305: 'argument': truncation from 'double' to 'GLfloat'
C:\Users\ASUS\source\repos\Project TTS Grafkom\Project TTS Grafkom\TTS BATIK.cpp(456,27): warning C4305: 'argument': truncation from 'double' to 'GLfloat'
C:\Users\ASUS\source\repos\Project TTS Grafkom\Project TTS Grafkom\TTS BATIK.cpp(462,27): warning C4305: 'argument': truncation from 'double' to 'GLfloat'
C:\Users\ASUS\source\repos\Project TTS Grafkom\Project TTS Grafkom\TTS BATIK.cpp(465,27): warning C4305: 'argument': truncation from 'double' to 'GLfloat'
C:\Users\ASUS\source\repos\Project TTS Grafkom\Project TTS Grafkom\TTS BATIK.cpp(470,27): warning C4305: 'argument': truncation from 'double' to 'GLfloat'
C:\Users\ASUS\source\repos\Project TTS Grafkom\Project TTS Grafkom\TTS BATIK.cpp(471,27): warning C4305: 'argument': truncation from 'double' to 'GLfloat'
C:\Users\ASUS\source\repos\Project TTS Grafkom\Project TTS Grafkom\TTS BATIK.cpp(477,28): warning C4305: 'argument': truncation from 'double' to 'GLfloat'
C:\Users\ASUS\source\repos\Project TTS Grafkom\Project TTS Grafkom\TTS BATIK.cpp(480,28): warning C4305: 'argument': truncation from 'double' to 'GLfloat'
C:\Users\ASUS\source\repos\Project TTS Grafkom\Project TTS Grafkom\TTS BATIK.cpp(485,28): warning C4305: 'argument': truncation from 'double' to 'GLfloat'
C:\Users\ASUS\source\repos\Project TTS Grafkom\Project TTS Grafkom\TTS BATIK.cpp(486,28): warning C4305: 'argument': truncation from 'double' to 'GLfloat'
  Generating code
  0 of 6 functions ( 0.0%) were compiled, the rest were copied from previous compilation.
    0 functions were new in current compilation
    0 functions had inline decision re-evaluated but remain unchanged
  Finished generating code
  Project TTS Grafkom.vcxproj -> C:\Users\ASUS\source\repos\Project TTS Grafkom\x64\Release\Project TTS Grafkom.exe
